<?xml version="1.0" encoding="UTF-8"?>
<testsuite xmlns:xsi="http://www.w3.org/2001/XMLSchema-instance" xsi:noNamespaceSchemaLocation="https://maven.apache.org/surefire/maven-surefire-plugin/xsd/surefire-test-report.xsd" name="Scenario Outlines feature file" time="0.251" tests="2" errors="0" skipped="0" failures="0">
  <properties>
[...]
</properties>
  <testcase name="Scenario Outline Row 1" classname="Scenario Outlines feature file" time="0.251"/>
  <testcase name="Scenario Outline Row 2" classname="Scenario Outlines feature file" time="0"/>
</testsuite>